{
  "timestamp": "2025-08-29T18:49:51.880524",
  "overall_status": "error",
  "validation_steps": {
    "git_status": {
      "status": "healthy",
      "uncommitted_files": 0,
      "recent_commits": [
        "8a16c4e Potential fix for code scanning alert no. 187: Workflow does not contain permissions",
        "70702cc Fix database validation function call in automated validation system",
        "958f802 Update .github/workflows/automated-validation.yml",
        "f90eee8 Implement comprehensive automated validation system to address pipeline reliability issues",
        "b203eec Fix transaction handling consistency in connection fixture"
      ]
    },
    "dependencies": {
      "status": "warning",
      "pip_check": true,
      "npm_check": false,
      "pip_errors": "",
      "npm_errors": "npm error code ELSPROBLEMS\nnpm error missing: @babel/core@^7.28.0, required by landscape-frontend-complete@0.0.0\nnpm error missing: @babel/preset-env@^7.28.0, required by landscape-frontend-complete@0.0.0\nnpm error missing: @babel/preset-react@^7.27.1, required by landscape-frontend-complete@0.0.0\nnpm error missing: @eslint/js@^9.0.0, required by landscape-frontend-complete@0.0.0\nnpm error missing: @radix-ui/react-accordion@^1.1.2, required by landscape-frontend-complete@0.0.0\nnpm error missing: @radix-ui/react-alert-dialog@^1.0.5, required by landscape-frontend-complete@0.0.0\nnpm error missing: @radix-ui/react-avatar@^1.0.4, required by landscape-frontend-complete@0.0.0\nnpm error missing: @radix-ui/react-checkbox@^1.0.4, required by landscape-frontend-complete@0.0.0\nnpm error missing: @radix-ui/react-collapsible@^1.0.3, required by landscape-frontend-complete@0.0.0\nnpm error missing: @radix-ui/react-context-menu@^2.1.5, required by landscape-frontend-complete@0.0.0\nnpm error missing: @radix-ui/react-dialog@^1.0.5, required by landscape-frontend-complete@0.0.0\nnpm error missing: @radix-ui/react-dropdown-menu@^2.0.6, required by landscape-frontend-complete@0.0.0\nnpm error missing: @radix-ui/react-hover-card@^1.0.7, required by landscape-frontend-complete@0.0.0\nnpm error missing: @radix-ui/react-label@^2.0.2, required by landscape-frontend-complete@0.0.0\nnpm error missing: @radix-ui/react-menubar@^1.0.4, required by landscape-frontend-complete@0.0.0\nnpm error missing: @radix-ui/react-navigation-menu@^1.1.4, required by landscape-frontend-complete@0.0.0\nnpm error missing: @radix-ui/react-popover@^1.0.7, required by landscape-frontend-complete@0.0.0\nnpm error missing: @radix-ui/react-progress@^1.0.3, required by landscape-frontend-complete@0.0.0\nnpm error missing: @radix-ui/react-radio-group@^1.1.3, required by landscape-frontend-complete@0.0.0\nnpm error missing: @radix-ui/react-scroll-area@^1.0.5, required by landscape-frontend-complete@0.0.0\nnpm error missing: @radix-ui/react-select@^2.0.0, required by landscape-frontend-complete@0.0.0\nnpm error missing: @radix-ui/react-separator@^1.0.3, required by landscape-frontend-complete@0.0.0\nnpm error missing: @radix-ui/react-slider@^1.1.2, required by landscape-frontend-complete@0.0.0\nnpm error missing: @radix-ui/react-slot@^1.0.2, required by landscape-frontend-complete@0.0.0\nnpm error missing: @radix-ui/react-switch@^1.0.3, required by landscape-frontend-complete@0.0.0\nnpm error missing: @radix-ui/react-tabs@^1.0.4, required by landscape-frontend-complete@0.0.0\nnpm error missing: @radix-ui/react-toast@^1.1.5, required by landscape-frontend-complete@0.0.0\nnpm error missing: @radix-ui/react-toggle-group@^1.0.4, required by landscape-frontend-complete@0.0.0\nnpm error missing: @radix-ui/react-toggle@^1.0.3, required by landscape-frontend-complete@0.0.0\nnpm error missing: @radix-ui/react-tooltip@^1.0.7, required by landscape-frontend-complete@0.0.0\nnpm error missing: @testing-library/dom@^10.4.0, required by landscape-frontend-complete@0.0.0\nnpm error missing: @testing-library/jest-dom@^6.6.3, required by landscape-frontend-complete@0.0.0\nnpm error missing: @testing-library/react@^16.3.0, required by landscape-frontend-complete@0.0.0\nnpm error missing: @testing-library/user-event@^14.6.1, required by landscape-frontend-complete@0.0.0\nnpm error missing: @types/react-dom@^19.1.7, required by landscape-frontend-complete@0.0.0\nnpm error missing: @types/react@^19.1.10, required by landscape-frontend-complete@0.0.0\nnpm error missing: @vitejs/plugin-react@^4.1.1, required by landscape-frontend-complete@0.0.0\nnpm error missing: @vitest/coverage-v8@^3.2.4, required by landscape-frontend-complete@0.0.0\nnpm error missing: autoprefixer@^10.4.21, required by landscape-frontend-complete@0.0.0\nnpm error missing: babel-jest@^30.0.5, required by landscape-frontend-complete@0.0.0\nnpm error missing: class-variance-authority@^0.7.0, required by landscape-frontend-complete@0.0.0\nnpm error missing: clsx@^2.0.0, required by landscape-frontend-complete@0.0.0\nnpm error missing: date-fns@^2.30.0, required by landscape-frontend-complete@0.0.0\nnpm error missing: eslint-plugin-react-hooks@^5.2.0, required by landscape-frontend-complete@0.0.0\nnpm error missing: eslint-plugin-react-refresh@^0.4.4, required by landscape-frontend-complete@0.0.0\nnpm error missing: eslint-plugin-react@^7.33.2, required by landscape-frontend-complete@0.0.0\nnpm error missing: eslint@^9.34.0, required by landscape-frontend-complete@0.0.0\nnpm error missing: globals@^13.24.0, required by landscape-frontend-complete@0.0.0\nnpm error missing: identity-obj-proxy@^3.0.0, required by landscape-frontend-complete@0.0.0\nnpm error missing: jest-axe@^8.0.0, required by landscape-frontend-complete@0.0.0\nnpm error missing: jest-environment-jsdom@^29.7.0, required by landscape-frontend-complete@0.0.0\nnpm error missing: jest@^30.0.5, required by landscape-frontend-complete@0.0.0\nnpm error missing: jsdom@^26.1.0, required by landscape-frontend-complete@0.0.0\nnpm error missing: lucide-react@^0.540.0, required by landscape-frontend-complete@0.0.0\nnpm error missing: msw@^2.0.0, required by landscape-frontend-complete@0.0.0\nnpm error missing: postcss@^8.5.6, required by landscape-frontend-complete@0.0.0\nnpm error missing: react-day-picker@^9.9.0, required by landscape-frontend-complete@0.0.0\nnpm error missing: react-dom@^19.1.0, required by landscape-frontend-complete@0.0.0\nnpm error missing: react-hot-toast@^2.6.0, required by landscape-frontend-complete@0.0.0\nnpm error missing: react-router-dom@^7.8.1, required by landscape-frontend-complete@0.0.0\nnpm error missing: react@^19.1.0, required by landscape-frontend-complete@0.0.0\nnpm error missing: recharts@^2.8.0, required by landscape-frontend-complete@0.0.0\nnpm error missing: sonner@^1.4.0, required by landscape-frontend-complete@0.0.0\nnpm error missing: tailwind-merge@^2.0.0, required by landscape-frontend-complete@0.0.0\nnpm error missing: tailwindcss@^3.4.17, required by landscape-frontend-complete@0.0.0\nnpm error missing: vite@^7.0.6, required by landscape-frontend-complete@0.0.0\nnpm error missing: vitest@^3.2.4, required by landscape-frontend-complete@0.0.0\nnpm error missing: whatwg-fetch@^3.6.20, required by landscape-frontend-complete@0.0.0\nnpm error A complete log of this run can be found in: /home/runner/.npm/_logs/2025-08-29T18_49_56_385Z-debug-0.log\n"
    },
    "code_quality": {
      "status": "healthy",
      "linting_passed": true,
      "quality_issues_count": 0,
      "quality_issues": []
    },
    "application_health": {
      "status": "error",
      "app_creation": false,
      "model_imports": false,
      "app_error": "Traceback (most recent call last):\n  File \"<string>\", line 1, in <module>\n  File \"/home/runner/work/landscape-architecture-tool/landscape-architecture-tool/src/main.py\", line 15, in <module>\n    from flask import Flask, jsonify\nModuleNotFoundError: No module named 'flask'\n",
      "import_error": "Traceback (most recent call last):\n  File \"<string>\", line 1, in <module>\n  File \"/home/runner/work/landscape-architecture-tool/landscape-architecture-tool/src/models/landscape.py\", line 3, in <module>\n    from src.models.user import db\n  File \"/home/runner/work/landscape-architecture-tool/landscape-architecture-tool/src/models/user.py\", line 1, in <module>\n    from flask_sqlalchemy import SQLAlchemy\nModuleNotFoundError: No module named 'flask_sqlalchemy'\n"
    }
  },
  "summary": {
    "total_steps": 4,
    "healthy_steps": 2,
    "health_percentage": 50.0,
    "status_distribution": {
      "healthy": 2,
      "warning": 1,
      "error": 1
    }
  },
  "recommendations": [
    "\u274c Critical issues found. Address errors before continuing development.",
    "Application cannot start. Check dependencies and configuration."
  ]
}